#
# There is insufficient memory for the Java Runtime Environment to continue.
# Native memory allocation (mmap) failed to map 100663296 bytes for G1 virtual space
# Possible reasons:
#   The system is out of physical RAM or swap space
#   The process is running with CompressedOops enabled, and the Java Heap may be blocking the growth of the native heap
# Possible solutions:
#   Reduce memory load on the system
#   Increase physical memory or swap space
#   Check if swap backing store is full
#   Decrease Java heap size (-Xmx/-Xms)
#   Decrease number of Java threads
#   Decrease Java thread stack sizes (-Xss)
#   Set larger code cache with -XX:ReservedCodeCacheSize=
#   JVM is running with Unscaled Compressed Oops mode in which the Java heap is
#     placed in the first 4GB address space. The Java Heap base address is the
#     maximum limit for the native heap growth. Please use -XX:HeapBaseMinAddress
#     to set the Java Heap base and to place the Java Heap above 4GB virtual address.
# This output file may be truncated or incomplete.
#
#  Out of Memory Error (os_windows.cpp:3753), pid=9724, tid=1744
#
# JRE version:  (17.0.4+7) (build )
# Java VM: OpenJDK 64-Bit Server VM (17.0.4+7-b469.53, mixed mode, sharing, tiered, compressed oops, compressed class ptrs, g1 gc, windows-amd64)
# No core dump will be written. Minidumps are not enabled by default on client versions of Windows
#

---------------  S U M M A R Y ------------

Command Line: git4idea.http.GitAskPassApp Username for 'https://github.com': 

Host: AMD Ryzen 3 3200U with Radeon Vega Mobile Gfx  , 4 cores, 5G,  Windows 10 , 64 bit Build 18362 (10.0.18362.329)
Time: Sun Dec 18 19:22:14 2022 RTZ 2 (зима) elapsed time: 0.029988 seconds (0d 0h 0m 0s)

---------------  T H R E A D  ---------------

Current thread (0x000002dece450c10):  JavaThread "Unknown thread" [_thread_in_vm, id=1744, stack(0x000000f430600000,0x000000f430700000)]

Stack: [0x000000f430600000,0x000000f430700000]
Native frames: (J=compiled Java code, j=interpreted, Vv=VM code, C=native code)
V  [jvm.dll+0x68348a]
V  [jvm.dll+0x83faf4]
V  [jvm.dll+0x84129e]
V  [jvm.dll+0x841903]
V  [jvm.dll+0x2494a5]
V  [jvm.dll+0x680359]
V  [jvm.dll+0x67499a]
V  [jvm.dll+0x3092db]
V  [jvm.dll+0x310796]
V  [jvm.dll+0x36077e]
V  [jvm.dll+0x3609af]
V  [jvm.dll+0x2df3c8]
V  [jvm.dll+0x2e0334]
V  [jvm.dll+0x8112e1]
V  [jvm.dll+0x36e5d1]
V  [jvm.dll+0x7f06bc]
V  [jvm.dll+0x3f16ef]
V  [jvm.dll+0x3f3231]
C  [jli.dll+0x526b]
C  [ucrtbase.dll+0x1d9f2]
C  [KERNEL32.DLL+0x17bd4]
C  [ntdll.dll+0x6cee1]


---------------  P R O C E S S  ---------------

Threads class SMR info:
_java_thread_list=0x00007ffe79397f18, length=0, elements={
}

Java Threads: ( => current thread )

Other Threads:
  0x000002dece49e240 GCTaskThread "GC Thread#0" [stack: 0x000000f430700000,0x000000f430800000] [id=10064]
  0x000002dece4ab000 ConcurrentGCThread "G1 Main Marker" [stack: 0x000000f430800000,0x000000f430900000] [id=9156]
  0x000002dece4aba10 ConcurrentGCThread "G1 Conc#0" [stack: 0x000000f430900000,0x000000f430a00000] [id=5504]

[error occurred during error reporting (printing all threads), id 0xc0000005, EXCEPTION_ACCESS_VIOLATION (0xc0000005) at pc=0x00007ffe78b4ff87]

VM state: not at safepoint (not fully initialized)

VM Mutex/Monitor currently owned by a thread:  ([mutex/lock_event])
[0x000002dece44c0c0] Heap_lock - owner thread: 0x000002dece450c10

Heap address: 0x00000000a0c00000, size: 1524 MB, Compressed Oops mode: 32-bit

CDS archive(s) mapped at: [0x0000000000000000-0x0000000000000000-0x0000000000000000), size 0, SharedBaseAddress: 0x0000000800000000, ArchiveRelocationMode: 0.
Narrow klass base: 0x0000000000000000, Narrow klass shift: 0, Narrow klass range: 0x0

GC Precious Log:
<Empty>

Heap:
 garbage-first heap   total 0K, used 0K [0x00000000a0c00000, 0x0000000100000000)
  region size 1024K, 0 young (0K), 0 survivors (0K)

[error occurred during error reporting (printing heap information), id 0xc0000005, EXCEPTION_ACCESS_VIOLATION (0xc0000005) at pc=0x00007ffe78f3d119]

GC Heap History (0 events):
No events

Deoptimization events (0 events):
No events

Classes unloaded (0 events):
No events

Classes redefined (0 events):
No events

Internal exceptions (0 events):
No events

VM Operations (0 events):
No events

Events (1 events):
Event: 0.013 Loaded shared library C:\Program Files\JetBrains\PyCharm Community Edition 2022.2.2\jbr\bin\java.dll


Dynamic libraries:
0x00007ff76dd00000 - 0x00007ff76dd0a000 	C:\Program Files\JetBrains\PyCharm Community Edition 2022.2.2\jbr\bin\java.exe
0x00007ffe9bc60000 - 0x00007ffe9be50000 	C:\Windows\SYSTEM32\ntdll.dll
0x00007ffe99d50000 - 0x00007ffe99e02000 	C:\Windows\System32\KERNEL32.DLL
0x00007ffe98ed0000 - 0x00007ffe99173000 	C:\Windows\System32\KERNELBASE.dll
0x00007ffe98c30000 - 0x00007ffe98d2a000 	C:\Windows\System32\ucrtbase.dll
0x00007ffe89d30000 - 0x00007ffe89d47000 	C:\Program Files\JetBrains\PyCharm Community Edition 2022.2.2\jbr\bin\jli.dll
0x00007ffe83730000 - 0x00007ffe8374b000 	C:\Program Files\JetBrains\PyCharm Community Edition 2022.2.2\jbr\bin\VCRUNTIME140.dll
0x00007ffe9a8d0000 - 0x00007ffe9aa63000 	C:\Windows\System32\USER32.dll
0x00007ffe88400000 - 0x00007ffe88685000 	C:\Windows\WinSxS\amd64_microsoft.windows.common-controls_6595b64144ccf1df_6.0.18362.356_none_e6c4af7d130f27cc\COMCTL32.dll
0x00007ffe99c60000 - 0x00007ffe99c81000 	C:\Windows\System32\win32u.dll
0x00007ffe9aa70000 - 0x00007ffe9ab0e000 	C:\Windows\System32\msvcrt.dll
0x00007ffe9a280000 - 0x00007ffe9a2a6000 	C:\Windows\System32\GDI32.dll
0x00007ffe98d30000 - 0x00007ffe98ec4000 	C:\Windows\System32\gdi32full.dll
0x00007ffe9b140000 - 0x00007ffe9b476000 	C:\Windows\System32\combase.dll
0x00007ffe99c90000 - 0x00007ffe99d2e000 	C:\Windows\System32\msvcp_win.dll
0x00007ffe9b020000 - 0x00007ffe9b140000 	C:\Windows\System32\RPCRT4.dll
0x00007ffe992d0000 - 0x00007ffe99350000 	C:\Windows\System32\bcryptPrimitives.dll
0x00007ffe9a3f0000 - 0x00007ffe9a41e000 	C:\Windows\System32\IMM32.DLL
0x00007ffe954b0000 - 0x00007ffe954bc000 	C:\Program Files\JetBrains\PyCharm Community Edition 2022.2.2\jbr\bin\vcruntime140_1.dll
0x00007ffe6ef40000 - 0x00007ffe6efcd000 	C:\Program Files\JetBrains\PyCharm Community Edition 2022.2.2\jbr\bin\msvcp140.dll
0x00007ffe78860000 - 0x00007ffe794c9000 	C:\Program Files\JetBrains\PyCharm Community Edition 2022.2.2\jbr\bin\server\jvm.dll
0x00007ffe9a4d0000 - 0x00007ffe9a573000 	C:\Windows\System32\ADVAPI32.dll
0x00007ffe9a7c0000 - 0x00007ffe9a857000 	C:\Windows\System32\sechost.dll
0x00007ffe9bc50000 - 0x00007ffe9bc58000 	C:\Windows\System32\PSAPI.DLL
0x00007ffe96ae0000 - 0x00007ffe96b04000 	C:\Windows\SYSTEM32\WINMM.dll
0x00007ffe91250000 - 0x00007ffe9125a000 	C:\Windows\SYSTEM32\VERSION.dll
0x00007ffe96ab0000 - 0x00007ffe96add000 	C:\Windows\SYSTEM32\WINMMBASE.dll
0x00007ffe99bb0000 - 0x00007ffe99bfa000 	C:\Windows\System32\cfgmgr32.dll
0x00007ffe954c0000 - 0x00007ffe954c9000 	C:\Windows\SYSTEM32\WSOCK32.dll
0x00007ffe9b480000 - 0x00007ffe9b4ef000 	C:\Windows\System32\WS2_32.dll
0x00007ffe98bf0000 - 0x00007ffe98c01000 	C:\Windows\System32\kernel.appcore.dll
0x00007ffe95420000 - 0x00007ffe9542a000 	C:\Program Files\JetBrains\PyCharm Community Edition 2022.2.2\jbr\bin\jimage.dll
0x00007ffe6de90000 - 0x00007ffe6e084000 	C:\Windows\SYSTEM32\DBGHELP.DLL
0x00007ffe93300000 - 0x00007ffe9332a000 	C:\Windows\SYSTEM32\dbgcore.DLL
0x00007ffe930f0000 - 0x00007ffe93115000 	C:\Program Files\JetBrains\PyCharm Community Edition 2022.2.2\jbr\bin\java.dll

dbghelp: loaded successfully - version: 4.0.5 - missing functions: none
symbol engine: initialized successfully - sym options: 0x614 - pdb path: .;C:\Program Files\JetBrains\PyCharm Community Edition 2022.2.2\jbr\bin;C:\Windows\SYSTEM32;C:\Windows\WinSxS\amd64_microsoft.windows.common-controls_6595b64144ccf1df_6.0.18362.356_none_e6c4af7d130f27cc;C:\Program Files\JetBrains\PyCharm Community Edition 2022.2.2\jbr\bin\server

VM Arguments:
java_command: git4idea.http.GitAskPassApp Username for 'https://github.com': 
java_class_path (initial): C:/Program Files/JetBrains/PyCharm Community Edition 2022.2.2/plugins/git4idea/lib/git4idea-rt.jar;C:/Program Files/JetBrains/PyCharm Community Edition 2022.2.2/lib/externalProcess-rt.jar;C:/Program Files/JetBrains/PyCharm Community Edition 2022.2.2/lib/app.jar;C:/Program Files/JetBrains/PyCharm Community Edition 2022.2.2/lib/3rd-party-rt.jar
Launcher Type: SUN_STANDARD

[Global flags]
     intx CICompilerCount                          = 3                                         {product} {ergonomic}
     uint ConcGCThreads                            = 1                                         {product} {ergonomic}
     uint G1ConcRefinementThreads                  = 4                                         {product} {ergonomic}
   size_t G1HeapRegionSize                         = 1048576                                   {product} {ergonomic}
    uintx GCDrainStackTargetSize                   = 64                                        {product} {ergonomic}
   size_t InitialHeapSize                          = 100663296                                 {product} {ergonomic}
   size_t MarkStackSize                            = 4194304                                   {product} {ergonomic}
   size_t MaxHeapSize                              = 1598029824                                {product} {ergonomic}
   size_t MinHeapDeltaBytes                        = 1048576                                   {product} {ergonomic}
   size_t MinHeapSize                              = 8388608                                   {product} {ergonomic}
    uintx NonNMethodCodeHeapSize                   = 5832780                                {pd product} {ergonomic}
    uintx NonProfiledCodeHeapSize                  = 122912730                              {pd product} {ergonomic}
    uintx ProfiledCodeHeapSize                     = 122912730                              {pd product} {ergonomic}
    uintx ReservedCodeCacheSize                    = 251658240                              {pd product} {ergonomic}
     bool SegmentedCodeCache                       = true                                      {product} {ergonomic}
   size_t SoftMaxHeapSize                          = 1598029824                             {manageable} {ergonomic}
     bool UseCompressedClassPointers               = true                           {product lp64_product} {ergonomic}
     bool UseCompressedOops                        = true                           {product lp64_product} {ergonomic}
     bool UseG1GC                                  = true                                      {product} {ergonomic}
     bool UseLargePagesIndividualAllocation        = false                                  {pd product} {ergonomic}

Logging:
Log output configuration:
 #0: stdout all=warning uptime,level,tags
 #1: stderr all=off uptime,level,tags

Environment Variables:
PATH=C:\Program Files\Git\mingw64\libexec\git-core;C:\Program Files\Git\mingw64\libexec\git-core;C:\Program Files\Git\mingw64\bin;C:\Program Files\Git\usr\bin;C:\Users\Лариса\bin;C:\Windows\system32;C:\Windows;C:\Windows\System32\Wbem;C:\Windows\System32\WindowsPowerShell\v1.0;C:\Program Files\Git\cmd;C:\Users\Лариса\AppData\Local\Programs\Python\Python310\Scripts;C:\Users\Лариса\AppData\Local\Programs\Python\Python310;C:\Users\Лариса\AppData\Local\Microsoft\WindowsApps;C:\Program Files\JetBrains\PyCharm Community Edition 2022.2.2\bin
USERNAME=Лариса
DISPLAY=:0.0
LC_ALL=en_US.UTF-8
TERM=xterm-256color
TMPDIR=C:\Temp
OS=Windows_NT
PROCESSOR_IDENTIFIER=AMD64 Family 23 Model 24 Stepping 1, AuthenticAMD
TMP=C:\Temp
TEMP=C:\Temp



---------------  S Y S T E M  ---------------

OS:
 Windows 10 , 64 bit Build 18362 (10.0.18362.329)
OS uptime: 5 days 1:11 hours

CPU: total 4 (initial active 4) (4 cores per cpu, 2 threads per core) family 23 model 24 stepping 1 microcode 0x0, cx8, cmov, fxsr, ht, mmx, 3dnowpref, sse, sse2, sse3, ssse3, sse4a, sse4.1, sse4.2, popcnt, lzcnt, tsc, tscinvbit, avx, avx2, aes, clmul, bmi1, bmi2, adx, sha, fma, vzeroupper, clflush, clflushopt

Memory: 4k page, system-wide physical 6094M (1006M free)
TotalPageFile size 6094M (AvailPageFile size 88M)
current process WorkingSet (physical memory assigned to process): 10M, peak: 10M
current process commit charge ("private bytes"): 51M, peak: 147M

vm_info: OpenJDK 64-Bit Server VM (17.0.4+7-b469.53) for windows-amd64 JRE (17.0.4+7-b469.53), built on 2022-08-29 by "builduser" with MS VC++ 16.10 / 16.11 (VS2019)

END.
